{"/Users/francoisrouaix/Repos/espargne/espargne-web/src/utils/apiTransform.ts": {"path":"/Users/francoisrouaix/Repos/espargne/espargne-web/src/utils/apiTransform.ts","statementMap":{"0":{"start":{"line":61,"column":70},"end":{"line":70,"column":null}},"1":{"start":{"line":71,"column":2},"end":{"line":71,"column":null}},"2":{"start":{"line":79,"column":20},"end":{"line":79,"column":null}},"3":{"start":{"line":87,"column":6},"end":{"line":91,"column":null}},"4":{"start":{"line":94,"column":2},"end":{"line":98,"column":null}},"5":{"start":{"line":95,"column":4},"end":{"line":95,"column":null}},"6":{"start":{"line":97,"column":4},"end":{"line":97,"column":null}},"7":{"start":{"line":101,"column":2},"end":{"line":103,"column":null}},"8":{"start":{"line":102,"column":4},"end":{"line":102,"column":null}},"9":{"start":{"line":106,"column":2},"end":{"line":111,"column":null}},"10":{"start":{"line":107,"column":4},"end":{"line":110,"column":null}},"11":{"start":{"line":113,"column":2},"end":{"line":113,"column":null}},"12":{"start":{"line":122,"column":136},"end":{"line":127,"column":null}},"13":{"start":{"line":128,"column":2},"end":{"line":128,"column":null}},"14":{"start":{"line":142,"column":8},"end":{"line":142,"column":null}},"15":{"start":{"line":143,"column":20},"end":{"line":143,"column":null}},"16":{"start":{"line":144,"column":24},"end":{"line":144,"column":null}},"17":{"start":{"line":147,"column":28},"end":{"line":149,"column":null}},"18":{"start":{"line":148,"column":4},"end":{"line":148,"column":null}},"19":{"start":{"line":151,"column":35},"end":{"line":179,"column":null}},"20":{"start":{"line":160,"column":50},"end":{"line":160,"column":74}},"21":{"start":{"line":182,"column":2},"end":{"line":191,"column":null}},"22":{"start":{"line":183,"column":4},"end":{"line":190,"column":null}},"23":{"start":{"line":193,"column":2},"end":{"line":193,"column":null}},"24":{"start":{"line":213,"column":19},"end":{"line":220,"column":null}},"25":{"start":{"line":222,"column":2},"end":{"line":228,"column":null}}},"fnMap":{"0":{"name":"convertFilingStatus","decl":{"start":{"line":60,"column":9},"end":{"line":60,"column":29}},"loc":{"start":{"line":60,"column":79},"end":{"line":72,"column":null}},"line":60},"1":{"name":"convertAccount","decl":{"start":{"line":77,"column":9},"end":{"line":77,"column":24}},"loc":{"start":{"line":77,"column":57},"end":{"line":114,"column":null}},"line":77},"2":{"name":"convertWithdrawalStrategy","decl":{"start":{"line":119,"column":9},"end":{"line":119,"column":null}},"loc":{"start":{"line":121,"column":100},"end":{"line":129,"column":null}},"line":121},"3":{"name":"transformToAPIScenario","decl":{"start":{"line":134,"column":16},"end":{"line":134,"column":null}},"loc":{"start":{"line":141,"column":15},"end":{"line":194,"column":null}},"line":141},"4":{"name":"(anonymous_4)","decl":{"start":{"line":147,"column":44},"end":{"line":147,"column":null}},"loc":{"start":{"line":148,"column":4},"end":{"line":148,"column":null}},"line":148},"5":{"name":"(anonymous_5)","decl":{"start":{"line":160,"column":36},"end":{"line":160,"column":37}},"loc":{"start":{"line":160,"column":50},"end":{"line":160,"column":74}},"line":160},"6":{"name":"createProjectionRequest","decl":{"start":{"line":199,"column":16},"end":{"line":199,"column":null}},"loc":{"start":{"line":212,"column":24},"end":{"line":229,"column":null}},"line":212}},"branchMap":{"0":{"loc":{"start":{"line":71,"column":9},"end":{"line":71,"column":null}},"type":"binary-expr","locations":[{"start":{"line":71,"column":9},"end":{"line":71,"column":44}},{"start":{"line":71,"column":44},"end":{"line":71,"column":null}}],"line":71},"1":{"loc":{"start":{"line":94,"column":2},"end":{"line":98,"column":null}},"type":"if","locations":[{"start":{"line":94,"column":2},"end":{"line":98,"column":null}},{"start":{"line":96,"column":9},"end":{"line":98,"column":null}}],"line":94},"2":{"loc":{"start":{"line":94,"column":6},"end":{"line":94,"column":67}},"type":"binary-expr","locations":[{"start":{"line":94,"column":6},"end":{"line":94,"column":43}},{"start":{"line":94,"column":43},"end":{"line":94,"column":67}}],"line":94},"3":{"loc":{"start":{"line":101,"column":2},"end":{"line":103,"column":null}},"type":"if","locations":[{"start":{"line":101,"column":2},"end":{"line":103,"column":null}},{"start":{},"end":{}}],"line":101},"4":{"loc":{"start":{"line":101,"column":6},"end":{"line":101,"column":49}},"type":"binary-expr","locations":[{"start":{"line":101,"column":6},"end":{"line":101,"column":31}},{"start":{"line":101,"column":31},"end":{"line":101,"column":49}}],"line":101},"5":{"loc":{"start":{"line":106,"column":2},"end":{"line":111,"column":null}},"type":"if","locations":[{"start":{"line":106,"column":2},"end":{"line":111,"column":null}},{"start":{},"end":{}}],"line":106},"6":{"loc":{"start":{"line":106,"column":6},"end":{"line":106,"column":71}},"type":"binary-expr","locations":[{"start":{"line":106,"column":6},"end":{"line":106,"column":43}},{"start":{"line":106,"column":43},"end":{"line":106,"column":71}}],"line":106},"7":{"loc":{"start":{"line":108,"column":10},"end":{"line":108,"column":null}},"type":"binary-expr","locations":[{"start":{"line":108,"column":10},"end":{"line":108,"column":34}},{"start":{"line":108,"column":34},"end":{"line":108,"column":null}}],"line":108},"8":{"loc":{"start":{"line":128,"column":9},"end":{"line":128,"column":null}},"type":"binary-expr","locations":[{"start":{"line":128,"column":9},"end":{"line":128,"column":34}},{"start":{"line":128,"column":34},"end":{"line":128,"column":null}}],"line":128},"9":{"loc":{"start":{"line":138,"column":2},"end":{"line":138,"column":null}},"type":"default-arg","locations":[{"start":{"line":138,"column":25},"end":{"line":138,"column":null}}],"line":138},"10":{"loc":{"start":{"line":139,"column":2},"end":{"line":139,"column":null}},"type":"default-arg","locations":[{"start":{"line":139,"column":27},"end":{"line":139,"column":null}}],"line":139},"11":{"loc":{"start":{"line":140,"column":2},"end":{"line":140,"column":null}},"type":"default-arg","locations":[{"start":{"line":140,"column":116},"end":{"line":140,"column":null}}],"line":140},"12":{"loc":{"start":{"line":144,"column":24},"end":{"line":144,"column":null}},"type":"binary-expr","locations":[{"start":{"line":144,"column":24},"end":{"line":144,"column":53}},{"start":{"line":144,"column":53},"end":{"line":144,"column":null}}],"line":144},"13":{"loc":{"start":{"line":182,"column":2},"end":{"line":191,"column":null}},"type":"if","locations":[{"start":{"line":182,"column":2},"end":{"line":191,"column":null}},{"start":{},"end":{}}],"line":182},"14":{"loc":{"start":{"line":182,"column":6},"end":{"line":182,"column":52}},"type":"binary-expr","locations":[{"start":{"line":182,"column":6},"end":{"line":182,"column":19}},{"start":{"line":182,"column":19},"end":{"line":182,"column":52}}],"line":182},"15":{"loc":{"start":{"line":185,"column":17},"end":{"line":185,"column":null}},"type":"binary-expr","locations":[{"start":{"line":185,"column":17},"end":{"line":185,"column":42}},{"start":{"line":185,"column":42},"end":{"line":185,"column":null}}],"line":185},"16":{"loc":{"start":{"line":188,"column":20},"end":{"line":188,"column":49}},"type":"binary-expr","locations":[{"start":{"line":188,"column":20},"end":{"line":188,"column":42}},{"start":{"line":188,"column":42},"end":{"line":188,"column":49}}],"line":188},"17":{"loc":{"start":{"line":203,"column":2},"end":{"line":211,"column":null}},"type":"default-arg","locations":[{"start":{"line":211,"column":6},"end":{"line":211,"column":null}}],"line":203},"18":{"loc":{"start":{"line":224,"column":15},"end":{"line":224,"column":null}},"type":"binary-expr","locations":[{"start":{"line":224,"column":15},"end":{"line":224,"column":35}},{"start":{"line":224,"column":35},"end":{"line":224,"column":null}}],"line":224},"19":{"loc":{"start":{"line":225,"column":17},"end":{"line":225,"column":null}},"type":"binary-expr","locations":[{"start":{"line":225,"column":17},"end":{"line":225,"column":39}},{"start":{"line":225,"column":39},"end":{"line":225,"column":null}}],"line":225},"20":{"loc":{"start":{"line":226,"column":25},"end":{"line":226,"column":null}},"type":"binary-expr","locations":[{"start":{"line":226,"column":25},"end":{"line":226,"column":54}},{"start":{"line":226,"column":54},"end":{"line":226,"column":null}}],"line":226},"21":{"loc":{"start":{"line":227,"column":31},"end":{"line":227,"column":null}},"type":"binary-expr","locations":[{"start":{"line":227,"column":31},"end":{"line":227,"column":65}},{"start":{"line":227,"column":65},"end":{"line":227,"column":null}}],"line":227}},"s":{"0":38,"1":38,"2":49,"3":49,"4":49,"5":17,"6":32,"7":49,"8":33,"9":49,"10":17,"11":49,"12":19,"13":19,"14":19,"15":19,"16":19,"17":19,"18":51,"19":19,"20":49,"21":19,"22":4,"23":19,"24":6,"25":6},"f":{"0":38,"1":49,"2":19,"3":19,"4":51,"5":49,"6":6},"b":{"0":[38,0],"1":[17,32],"2":[49,17],"3":[33,16],"4":[49,33],"5":[17,32],"6":[49,17],"7":[17,0],"8":[19,1],"9":[19],"10":[19],"11":[19],"12":[19,0],"13":[4,15],"14":[19,5],"15":[4,0],"16":[4,0],"17":[6],"18":[6,4],"19":[6,5],"20":[6,4],"21":[6,4]},"meta":{"lastBranch":22,"lastFunction":7,"lastStatement":26,"seen":{"f:60:9:60:29":0,"s:61:70:70:Infinity":0,"s:71:2:71:Infinity":1,"b:71:9:71:44:71:44:71:Infinity":0,"f:77:9:77:24":1,"s:79:20:79:Infinity":2,"s:87:6:91:Infinity":3,"b:94:2:98:Infinity:96:9:98:Infinity":1,"s:94:2:98:Infinity":4,"b:94:6:94:43:94:43:94:67":2,"s:95:4:95:Infinity":5,"s:97:4:97:Infinity":6,"b:101:2:103:Infinity:undefined:undefined:undefined:undefined":3,"s:101:2:103:Infinity":7,"b:101:6:101:31:101:31:101:49":4,"s:102:4:102:Infinity":8,"b:106:2:111:Infinity:undefined:undefined:undefined:undefined":5,"s:106:2:111:Infinity":9,"b:106:6:106:43:106:43:106:71":6,"s:107:4:110:Infinity":10,"b:108:10:108:34:108:34:108:Infinity":7,"s:113:2:113:Infinity":11,"f:119:9:119:Infinity":2,"s:122:136:127:Infinity":12,"s:128:2:128:Infinity":13,"b:128:9:128:34:128:34:128:Infinity":8,"f:134:16:134:Infinity":3,"b:138:25:138:Infinity":9,"b:139:27:139:Infinity":10,"b:140:116:140:Infinity":11,"s:142:8:142:Infinity":14,"s:143:20:143:Infinity":15,"s:144:24:144:Infinity":16,"b:144:24:144:53:144:53:144:Infinity":12,"s:147:28:149:Infinity":17,"f:147:44:147:Infinity":4,"s:148:4:148:Infinity":18,"s:151:35:179:Infinity":19,"f:160:36:160:37":5,"s:160:50:160:74":20,"b:182:2:191:Infinity:undefined:undefined:undefined:undefined":13,"s:182:2:191:Infinity":21,"b:182:6:182:19:182:19:182:52":14,"s:183:4:190:Infinity":22,"b:185:17:185:42:185:42:185:Infinity":15,"b:188:20:188:42:188:42:188:49":16,"s:193:2:193:Infinity":23,"f:199:16:199:Infinity":6,"b:211:6:211:Infinity":17,"s:213:19:220:Infinity":24,"s:222:2:228:Infinity":25,"b:224:15:224:35:224:35:224:Infinity":18,"b:225:17:225:39:225:39:225:Infinity":19,"b:226:25:226:54:226:54:226:Infinity":20,"b:227:31:227:65:227:65:227:Infinity":21}}}
,"/Users/francoisrouaix/Repos/espargne/espargne-web/src/utils/storage.ts": {"path":"/Users/francoisrouaix/Repos/espargne/espargne-web/src/utils/storage.ts","statementMap":{"0":{"start":{"line":1,"column":28},"end":{"line":9,"column":null}}},"fnMap":{},"branchMap":{},"s":{"0":1},"f":{},"b":{},"meta":{"lastBranch":0,"lastFunction":0,"lastStatement":1,"seen":{"s:1:28:9:Infinity":0}}}
}
